<?xml version="1.0" encoding="UTF-8"?>
<testsuite xmlns:xsi="http://www.w3.org/2001/XMLSchema-instance" xsi:noNamespaceSchemaLocation="https://maven.apache.org/surefire/maven-surefire-plugin/xsd/surefire-test-report.xsd" name="gr.aueb.cf.miniprojects.theater.TheaterSeatTest" time="0.047" tests="4" errors="0" skipped="0" failures="0">
  <properties>
[...]
</properties>
  <testcase name="theaterSeat_ifTheaterSeatIsReserved_canCancelReservation" classname="gr.aueb.cf.miniprojects.theater.TheaterSeatTest" time="0.033"/>
  <testcase name="theaterSeat_ifTheaterSeatIsNotBooked_canReserveTheSeat" classname="gr.aueb.cf.miniprojects.theater.TheaterSeatTest" time="0.004"/>
  <testcase name="theaterSeat_allSeatsAreNotBookedInTheBeginning" classname="gr.aueb.cf.miniprojects.theater.TheaterSeatTest" time="0"/>
  <testcase name="theaterSeat_ifTheaterSeatIsReservedOnce_bookedBecomesTrue" classname="gr.aueb.cf.miniprojects.theater.TheaterSeatTest" time="0.001"/>
</testsuite>